========== 2026-06-03 03:06:58 ==========
Log file: /data/huangdi/heliqun/pi0/sft.log
OpenPI root: /data/huangdi/heliqun/pi0/openpi
OPENPI_DATA_HOME: /data/aoss/heliqun/model/pi
Raw data: /data/aoss/heliqun/dataset/libero-dataset/libero_goal_select_50
LeRobot dataset: /data/huangdi/heliqun/pi0/lerobot_data/heliqun/libero_goal_select_50_openpi
Config: pi0_libero_low_mem_finetune
Experiment: libero_goal_select_50_sft
Steps: 30000
Skip conversion. Set CONVERT_DATA=true to recreate the LeRobot dataset.
Skip norm stats. Set COMPUTE_NORM_STATS=true to recompute.
========== 2026-06-03 03:08:04 ==========
Log file: /data/huangdi/heliqun/pi0/sft.log
OpenPI root: /data/huangdi/heliqun/pi0/openpi
OPENPI_DATA_HOME: /data/aoss/heliqun/model/pi
Raw data: /data/aoss/heliqun/dataset/libero-dataset/bytaskid/6
LeRobot dataset: /data/huangdi/heliqun/pi0/lerobot_data/heliqun/libero_goal_select_50_openpi
Config: pi0_libero_low_mem_finetune
Experiment: libero_goal_select_50_sft
Steps: 3000
Skip conversion. Set CONVERT_DATA=true to recreate the LeRobot dataset.
Skip norm stats. Set COMPUTE_NORM_STATS=true to recompute.
03:08:56.409 [I] Running on: app-f86c50fb185540518256168aa89f6c45-5777f4db87-g6gpm                (30172:train.py:196)
INFO:2026-06-03 03:08:57,841:jax._src.xla_bridge:925: Unable to initialize backend 'rocm': module 'jaxlib.xla_extension' has no attribute 'GpuAllocatorConfig'
03:08:57.841 [I] Unable to initialize backend 'rocm': module 'jaxlib.xla_extension' has no attribute 'GpuAllocatorConfig' (30172:xla_bridge.py:925)
INFO:2026-06-03 03:08:57,858:jax._src.xla_bridge:925: Unable to initialize backend 'tpu': INTERNAL: Failed to open libtpu.so: libtpu.so: cannot open shared object file: No such file or directory
03:08:57.858 [I] Unable to initialize backend 'tpu': INTERNAL: Failed to open libtpu.so: libtpu.so: cannot open shared object file: No such file or directory (30172:xla_bridge.py:925)
Traceback (most recent call last):
  File "/data/huangdi/heliqun/pi0/openpi/scripts/train.py", line 280, in <module>
    main(_config.cli())
  File "/data/huangdi/heliqun/pi0/openpi/scripts/train.py", line 212, in main
    checkpoint_manager, resuming = _checkpoints.initialize_checkpoint_dir(
                                   ^^^^^^^^^^^^^^^^^^^^^^^^^^^^^^^^^^^^^^^
  File "/data/huangdi/heliqun/pi0/openpi/src/openpi/training/checkpoints.py", line 33, in initialize_checkpoint_dir
    raise FileExistsError(
FileExistsError: Checkpoint directory /data/huangdi/heliqun/pi0/checkpoints/pi0_libero_low_mem_finetune/libero_goal_select_50_sft already exists. Use --overwrite or --resume to indicate how to handle it.
